[    0.000000] Initializing cgroup subsys cpuset
[    0.000000] Initializing cgroup subsys cpu
[    0.000000] Initializing cgroup subsys cpuacct
[    0.000000] Linux version 4.4.0-141-generic (buildd@lcy01-amd64-006) (gcc version 5.4.0 20160609 (Ubuntu 5.4.0-6ubuntu1~16.04.10) ) #167-Ubuntu SMP Wed Dec 5 10:40:15 UTC 2018 (Ubuntu 4.4.0-141.167-generic 4.4.162)
[    0.000000] Command line: BOOT_IMAGE=/boot/vmlinuz-4.4.0-141-generic root=LABEL=cloudimg-rootfs ro console=tty1 console=ttyS0
[    0.000000] KERNEL supported cpus:
[    0.000000]   Intel GenuineIntel
[    0.000000]   AMD AuthenticAMD
[    0.000000]   Centaur CentaurHauls
[    0.000000] ------------[ cut here ]------------
[    0.000000] WARNING: CPU: 0 PID: 0 at /build/linux-XS2uX5/linux-4.4.0/arch/x86/kernel/fpu/xstate.c:517 fpu__init_system_xstate+0x37e/0x764()
[    0.000000] XSAVE consistency problem, dumping leaves
[    0.000000] Modules linked in:
[    0.000000] CPU: 0 PID: 0 Comm: swapper Not tainted 4.4.0-141-generic #167-Ubuntu
[    0.000000]  0000000000000086 67f960c57900af43 ffffffff81e03d70 ffffffff81405633
[    0.000000]  ffffffff81e03db8 ffffffff81cad810 ffffffff81e03da8 ffffffff810850d2
[    0.000000]  0000000000000008 0000000000000340 0000000000000100 ffffffff81e03e3c
[    0.000000] Call Trace:
[    0.000000]  [<ffffffff81405633>] dump_stack+0x63/0x90
[    0.000000]  [<ffffffff810850d2>] warn_slowpath_common+0x82/0xc0
[    0.000000]  [<ffffffff8108516c>] warn_slowpath_fmt+0x5c/0x80
[    0.000000]  [<ffffffff81080be4>] ? xfeature_size+0x59/0x77
[    0.000000]  [<ffffffff81f731e3>] fpu__init_system_xstate+0x37e/0x764
[    0.000000]  [<ffffffff81f63120>] ? early_idt_handler_array+0x120/0x120
[    0.000000]  [<ffffffff81f72bec>] fpu__init_system+0x1e7/0x28e
[    0.000000]  [<ffffffff81f73dc6>] early_cpu_init+0x210/0x216
[    0.000000]  [<ffffffff81f73dc6>] ? early_cpu_init+0x210/0x216
[    0.000000]  [<ffffffff81f6f19b>] setup_arch+0xc0/0xd1f
[    0.000000]  [<ffffffff81f63120>] ? early_idt_handler_array+0x120/0x120
[    0.000000]  [<ffffffff81f63c75>] start_kernel+0xe2/0x4a4
[    0.000000]  [<ffffffff81f63120>] ? early_idt_handler_array+0x120/0x120
[    0.000000]  [<ffffffff81f63339>] x86_64_start_reservations+0x2a/0x2c
[    0.000000]  [<ffffffff81f63485>] x86_64_start_kernel+0x14a/0x16d
[    0.000000] ---[ end trace 4d5ff9f2f68c4233 ]---
[    0.000000] CPUID[0d, 00]: eax=00000007 ebx=00000440 ecx=00000440 edx=00000000
[    0.000000] CPUID[0d, 01]: eax=00000000 ebx=00000440 ecx=00000000 edx=00000000
[    0.000000] CPUID[0d, 02]: eax=00000100 ebx=00000240 ecx=00000000 edx=00000000
[    0.000000] CPUID[0d, 03]: eax=00000000 ebx=00000000 ecx=00000000 edx=00000000
[    0.000000] CPUID[0d, 04]: eax=00000000 ebx=00000000 ecx=00000000 edx=00000000
[    0.000000] CPUID[0d, 05]: eax=00000000 ebx=00000000 ecx=00000000 edx=00000000
[    0.000000] CPUID[0d, 06]: eax=00000000 ebx=00000000 ecx=00000000 edx=00000000
[    0.000000] CPUID[0d, 07]: eax=00000000 ebx=00000000 ecx=00000000 edx=00000000
[    0.000000] CPUID[0d, 08]: eax=00000000 ebx=00000000 ecx=00000000 edx=00000000
[    0.000000] CPUID[0d, 09]: eax=00000000 ebx=00000000 ecx=00000000 edx=00000000
[    0.000000] CPUID[0d, 0a]: eax=00000000 ebx=00000000 ecx=00000000 edx=00000000
[    0.000000] CPUID[0d, 0b]: eax=00000000 ebx=00000000 ecx=00000000 edx=00000000
[    0.000000] CPUID[0d, 0c]: eax=00000000 ebx=00000000 ecx=00000000 edx=00000000
[    0.000000] CPUID[0d, 0d]: eax=00000000 ebx=00000000 ecx=00000000 edx=00000000
[    0.000000] CPUID[0d, 0e]: eax=00000000 ebx=00000000 ecx=00000000 edx=00000000
[    0.000000] CPUID[0d, 0f]: eax=00000000 ebx=00000000 ecx=00000000 edx=00000000
[    0.000000] CPUID[0d, 10]: eax=00000000 ebx=00000000 ecx=00000000 edx=00000000
[    0.000000] CPUID[0d, 11]: eax=00000000 ebx=00000000 ecx=00000000 edx=00000000
[    0.000000] x86/fpu: xstate_offset[2]:  576, xstate_sizes[2]:  256
[    0.000000] x86/fpu: Supporting XSAVE feature 0x01: 'x87 floating point registers'
[    0.000000] x86/fpu: Supporting XSAVE feature 0x02: 'SSE registers'
[    0.000000] x86/fpu: Supporting XSAVE feature 0x04: 'AVX registers'
[    0.000000] x86/fpu: Enabled xstate features 0x7, context size is 1088 bytes, using 'standard' format.
[    0.000000] e820: BIOS-provided physical RAM map:
[    0.000000] BIOS-e820: [mem 0x0000000000000000-0x000000000009fbff] usable
[    0.000000] BIOS-e820: [mem 0x000000000009fc00-0x000000000009ffff] reserved
[    0.000000] BIOS-e820: [mem 0x00000000000f0000-0x00000000000fffff] reserved
[    0.000000] BIOS-e820: [mem 0x0000000000100000-0x000000007ffeffff] usable
[    0.000000] BIOS-e820: [mem 0x000000007fff0000-0x000000007fffffff] ACPI data
[    0.000000] BIOS-e820: [mem 0x00000000fec00000-0x00000000fec00fff] reserved
[    0.000000] BIOS-e820: [mem 0x00000000fee00000-0x00000000fee00fff] reserved
[    0.000000] BIOS-e820: [mem 0x00000000fffc0000-0x00000000ffffffff] reserved
[    0.000000] NX (Execute Disable) protection: active
[    0.000000] SMBIOS 2.5 present.
[    0.000000] Hypervisor detected: KVM
[    0.000000] e820: last_pfn = 0x7fff0 max_arch_pfn = 0x400000000
[    0.000000] MTRR: Disabled
[    0.000000] x86/PAT: MTRRs disabled, skipping PAT initialization too.
[    0.000000] CPU MTRRs all blank - virtualized system.
[    0.000000] x86/PAT: Configuration [0-7]: WB  WT  UC- UC  WB  WT  UC- UC  
[    0.000000] found SMP MP-table at [mem 0x0009fff0-0x0009ffff] mapped at [ffff88000009fff0]
[    0.000000] Scanning 1 areas for low memory corruption
[    0.000000] RAMDISK: [mem 0x36308000-0x3717bfff]
[    0.000000] ACPI: Early table checksum verification disabled
[    0.000000] ACPI: RSDP 0x00000000000E0000 000024 (v02 VBOX  )
[    0.000000] ACPI: XSDT 0x000000007FFF0030 00003C (v01 VBOX   VBOXXSDT 00000001 ASL  00000061)
[    0.000000] ACPI: FACP 0x000000007FFF00F0 0000F4 (v04 VBOX   VBOXFACP 00000001 ASL  00000061)
[    0.000000] ACPI: DSDT 0x000000007FFF0470 0021FF (v02 VBOX   VBOXBIOS 00000002 INTL 20100528)
[    0.000000] ACPI: FACS 0x000000007FFF0200 000040
[    0.000000] ACPI: FACS 0x000000007FFF0200 000040
[    0.000000] ACPI: APIC 0x000000007FFF0240 000054 (v02 VBOX   VBOXAPIC 00000001 ASL  00000061)
[    0.000000] ACPI: SSDT 0x000000007FFF02A0 0001CC (v01 VBOX   VBOXCPUT 00000002 INTL 20100528)
[    0.000000] No NUMA configuration found
[    0.000000] Faking a node at [mem 0x0000000000000000-0x000000007ffeffff]
[    0.000000] NODE_DATA(0) allocated [mem 0x7ffeb000-0x7ffeffff]
[    0.000000] kvm-clock: Using msrs 4b564d01 and 4b564d00
[    0.000000] kvm-clock: cpu 0, msr 0:7ffe3001, primary cpu clock
[    0.000000] kvm-clock: using sched offset of 4677212747 cycles
[    0.000000] clocksource: kvm-clock: mask: 0xffffffffffffffff max_cycles: 0x1cd42e4dffb, max_idle_ns: 881590591483 ns
[    0.000000] Zone ranges:
[    0.000000]   DMA      [mem 0x0000000000001000-0x0000000000ffffff]
[    0.000000]   DMA32    [mem 0x0000000001000000-0x000000007ffeffff]
[    0.000000]   Normal   empty
[    0.000000]   Device   empty
[    0.000000] Movable zone start for each node
[    0.000000] Early memory node ranges
[    0.000000]   node   0: [mem 0x0000000000001000-0x000000000009efff]
[    0.000000]   node   0: [mem 0x0000000000100000-0x000000007ffeffff]
[    0.000000] Initmem setup node 0 [mem 0x0000000000001000-0x000000007ffeffff]
[    0.000000] ACPI: PM-Timer IO Port: 0x4008
[    0.000000] IOAPIC[0]: apic_id 1, version 32, address 0xfec00000, GSI 0-23
[    0.000000] ACPI: INT_SRC_OVR (bus 0 bus_irq 0 global_irq 2 dfl dfl)
[    0.000000] ACPI: INT_SRC_OVR (bus 0 bus_irq 9 global_irq 9 high level)
[    0.000000] Using ACPI (MADT) for SMP configuration information
[    0.000000] smpboot: Allowing 1 CPUs, 0 hotplug CPUs
[    0.000000] PM: Registered nosave memory: [mem 0x00000000-0x00000fff]
[    0.000000] PM: Registered nosave memory: [mem 0x0009f000-0x0009ffff]
[    0.000000] PM: Registered nosave memory: [mem 0x000a0000-0x000effff]
[    0.000000] PM: Registered nosave memory: [mem 0x000f0000-0x000fffff]
[    0.000000] e820: [mem 0x80000000-0xfebfffff] available for PCI devices
[    0.000000] Booting paravirtualized kernel on KVM
[    0.000000] clocksource: refined-jiffies: mask: 0xffffffff max_cycles: 0xffffffff, max_idle_ns: 7645519600211568 ns
[    0.000000] setup_percpu: NR_CPUS:512 nr_cpumask_bits:512 nr_cpu_ids:1 nr_node_ids:1
[    0.000000] PERCPU: Embedded 34 pages/cpu @ffff88007fc00000 s99608 r8192 d31464 u2097152
[    0.000000] PV qspinlock hash table entries: 256 (order: 0, 4096 bytes)
[    0.000000] Built 1 zonelists in Node order, mobility grouping on.  Total pages: 515960
[    0.000000] Policy zone: DMA32
[    0.000000] Kernel command line: BOOT_IMAGE=/boot/vmlinuz-4.4.0-141-generic root=LABEL=cloudimg-rootfs ro console=tty1 console=ttyS0
[    0.000000] PID hash table entries: 4096 (order: 3, 32768 bytes)
[    0.000000] Memory: 2030032K/2096696K available (8568K kernel code, 1314K rwdata, 4008K rodata, 1528K init, 1316K bss, 66664K reserved, 0K cma-reserved)
[    0.000000] SLUB: HWalign=64, Order=0-3, MinObjects=0, CPUs=1, Nodes=1
[    0.000000] Kernel/User page tables isolation: enabled
[    0.000000] Hierarchical RCU implementation.
[    0.000000] 	Build-time adjustment of leaf fanout to 64.
[    0.000000] 	RCU restricting CPUs from NR_CPUS=512 to nr_cpu_ids=1.
[    0.000000] RCU: Adjusting geometry for rcu_fanout_leaf=64, nr_cpu_ids=1
[    0.000000] NR_IRQS:33024 nr_irqs:256 16
[    0.000000] Console: colour VGA+ 80x25
[    0.000000] console [tty1] enabled
[    0.000000] console [ttyS0] enabled
[    0.000000] tsc: Detected 2400.000 MHz processor
[    1.258950] Calibrating delay loop (skipped) preset value.. 4800.00 BogoMIPS (lpj=9600000)
[    1.275075] pid_max: default: 32768 minimum: 301
[    1.278783] ACPI: Core revision 20150930
[    1.282565] ACPI: 2 ACPI AML tables successfully acquired and loaded
[    1.296812] Security Framework initialized
[    1.299718] Yama: becoming mindful.
[    1.301124] AppArmor: AppArmor initialized
[    1.308926] Dentry cache hash table entries: 262144 (order: 9, 2097152 bytes)
[    1.326846] Inode-cache hash table entries: 131072 (order: 8, 1048576 bytes)
[    1.333218] Mount-cache hash table entries: 4096 (order: 3, 32768 bytes)
[    1.338452] Mountpoint-cache hash table entries: 4096 (order: 3, 32768 bytes)
[    1.344960] Initializing cgroup subsys io
[    1.349980] Initializing cgroup subsys memory
[    1.351178] Initializing cgroup subsys devices
[    1.352394] Initializing cgroup subsys freezer
[    1.362408] Initializing cgroup subsys net_cls
[    1.366235] Initializing cgroup subsys perf_event
[    1.377853] Initializing cgroup subsys net_prio
[    1.379063] Initializing cgroup subsys hugetlb
[    1.380412] Initializing cgroup subsys pids
[    1.387904] mce: CPU supports 0 MCE banks
[    1.391941] process: using mwait in idle threads
[    1.398239] Last level iTLB entries: 4KB 64, 2MB 8, 4MB 8
[    1.401031] Last level dTLB entries: 4KB 64, 2MB 0, 4MB 0, 1GB 4
[    1.411239] Spectre V2 : Mitigation: Full generic retpoline
[    1.419467] Spectre V2 : Spectre v2 mitigation: Speculation control IBPB not-supported IBRS not-supported
[    1.427756] Spectre V2 : Spectre v2 / SpectreRSB mitigation: Filling RSB on context switch
[    1.461303] Speculative Store Bypass: Vulnerable
[    1.498649] Freeing SMP alternatives memory: 32K
[    1.515445] ftrace: allocating 32291 entries in 127 pages
[    1.649599] smpboot: APIC(0) Converting physical 0 to logical package 0
[    1.659652] smpboot: Max logical packages: 1
[    1.667502] x2apic enabled
[    1.671145] Switched APIC routing to physical x2apic.
[    1.682054] ..TIMER: vector=0x30 apic1=0 pin1=2 apic2=-1 pin2=-1
[    1.797283] smpboot: CPU0: Intel(R) Core(TM) i5-6200U CPU @ 2.30GHz (family: 0x6, model: 0x4e, stepping: 0x3)
[    1.818874] Performance Events: unsupported p6 CPU model 78 no PMU driver, software events only.
[    1.846499] KVM setup paravirtual spinlock
[    1.856738] x86: Booted up 1 node, 1 CPUs
[    1.863815] smpboot: Total of 1 processors activated (4800.00 BogoMIPS)
[    1.873259] devtmpfs: initialized
[    1.881504] evm: security.selinux
[    1.887850] evm: security.SMACK64
[    1.895118] evm: security.SMACK64EXEC
[    1.898335] evm: security.SMACK64TRANSMUTE
[    1.913199] evm: security.SMACK64MMAP
[    1.918029] evm: security.ima
[    1.918971] evm: security.capability
[    1.924491] clocksource: jiffies: mask: 0xffffffff max_cycles: 0xffffffff, max_idle_ns: 7645041785100000 ns
[    1.929799] futex hash table entries: 256 (order: 2, 16384 bytes)
[    1.939683] pinctrl core: initialized pinctrl subsystem
[    1.945158] RTC time: 23:38:13, date: 01/12/19
[    1.950349] NET: Registered protocol family 16
[    1.951752] cpuidle: using governor ladder
[    1.955271] cpuidle: using governor menu
[    1.962738] PCCT header not found.
[    1.967936] ACPI: bus type PCI registered
[    1.978765] acpiphp: ACPI Hot Plug PCI Controller Driver version: 0.5
[    1.980517] PCI: Using configuration type 1 for base access
[    1.994287] ACPI: Added _OSI(Module Device)
[    2.005047] ACPI: Added _OSI(Processor Device)
[    2.016573] ACPI: Added _OSI(3.0 _SCP Extensions)
[    2.023298] ACPI: Added _OSI(Processor Aggregator Device)
[    2.027263] ACPI: Executed 1 blocks of module-level executable AML code
[    2.035361] ACPI: Interpreter enabled
[    2.039590] ACPI: (supports S0 S5)
[    2.054730] ACPI: Using IOAPIC for interrupt routing
[    2.070468] PCI: Using host bridge windows from ACPI; if necessary, use "pci=nocrs" and report a bug
[    2.105195] ACPI: PCI Root Bridge [PCI0] (domain 0000 [bus 00-ff])
[    2.114272] acpi PNP0A03:00: _OSC: OS supports [ASPM ClockPM Segments MSI]
[    2.119947] acpi PNP0A03:00: _OSC: not requesting OS control; OS requires [ExtendedConfig ASPM ClockPM MSI]
[    2.131752] acpi PNP0A03:00: fail to add MMCONFIG information, can't access extended PCI configuration space under this bridge.
[    2.138868] PCI host bridge to bus 0000:00
[    2.149430] pci_bus 0000:00: root bus resource [io  0x0000-0x0cf7 window]
[    2.156174] pci_bus 0000:00: root bus resource [io  0x0d00-0xffff window]
[    2.163361] pci_bus 0000:00: root bus resource [mem 0x000a0000-0x000bffff window]
[    2.169832] pci_bus 0000:00: root bus resource [mem 0x80000000-0xffdfffff window]
[    2.173664] pci_bus 0000:00: root bus resource [bus 00-ff]
[    2.181740] pci 0000:00:01.1: legacy IDE quirk: reg 0x10: [io  0x01f0-0x01f7]
[    2.185573] pci 0000:00:01.1: legacy IDE quirk: reg 0x14: [io  0x03f6]
[    2.199518] pci 0000:00:01.1: legacy IDE quirk: reg 0x18: [io  0x0170-0x0177]
[    2.208419] pci 0000:00:01.1: legacy IDE quirk: reg 0x1c: [io  0x0376]
[    2.252260] pci 0000:00:07.0: quirk: [io  0x4000-0x403f] claimed by PIIX4 ACPI
[    2.278864] pci 0000:00:07.0: quirk: [io  0x4100-0x410f] claimed by PIIX4 SMB
[    2.301430] ACPI: PCI Interrupt Link [LNKA] (IRQs 5 9 10 *11)
[    2.319446] ACPI: PCI Interrupt Link [LNKB] (IRQs 5 9 10 *11)
[    2.327955] ACPI: PCI Interrupt Link [LNKC] (IRQs 5 9 *10 11)
[    2.333641] ACPI: PCI Interrupt Link [LNKD] (IRQs 5 *9 10 11)
[    2.342390] ACPI: Enabled 2 GPEs in block 00 to 07
[    2.364328] vgaarb: setting as boot device: PCI:0000:00:02.0
[    2.366866] vgaarb: device added: PCI:0000:00:02.0,decodes=io+mem,owns=io+mem,locks=none
[    2.372822] vgaarb: loaded
[    2.375614] vgaarb: bridge control possible 0000:00:02.0
[    2.377317] SCSI subsystem initialized
[    2.382308] ACPI: bus type USB registered
[    2.383988] usbcore: registered new interface driver usbfs
[    2.393109] usbcore: registered new interface driver hub
[    2.394740] usbcore: registered new device driver usb
[    2.422445] PCI: Using ACPI for IRQ routing
[    2.429494] NetLabel: Initializing
[    2.441012] NetLabel:  domain hash size = 128
[    2.458891] NetLabel:  protocols = UNLABELED CIPSOv4
[    2.460151] NetLabel:  unlabeled traffic allowed by default
[    2.470494] amd_nb: Cannot enumerate AMD northbridges
[    2.490163] clocksource: Switched to clocksource kvm-clock
[    2.546787] AppArmor: AppArmor Filesystem Enabled
[    2.577841] pnp: PnP ACPI init
[    2.581154] pnp: PnP ACPI: found 3 devices
[    2.624863] clocksource: acpi_pm: mask: 0xffffff max_cycles: 0xffffff, max_idle_ns: 2085701024 ns
[    2.643946] NET: Registered protocol family 2
[    2.684257] TCP established hash table entries: 16384 (order: 5, 131072 bytes)
[    2.715037] TCP bind hash table entries: 16384 (order: 6, 262144 bytes)
[    2.739408] TCP: Hash tables configured (established 16384 bind 16384)
[    2.751746] UDP hash table entries: 1024 (order: 3, 32768 bytes)
[    2.771354] UDP-Lite hash table entries: 1024 (order: 3, 32768 bytes)
[    2.806098] NET: Registered protocol family 1
[    2.811159] pci 0000:00:00.0: Limiting direct PCI/PCI transfers
[    2.815125] pci 0000:00:01.0: Activating ISA DMA hang workarounds
[    2.828092] Unpacking initramfs...
[    3.163678] Freeing initrd memory: 14800K
[    3.166909] platform rtc_cmos: registered platform RTC device (no PNP device found)
[    3.173531] Scanning for low memory corruption every 60 seconds
[    3.184711] audit: initializing netlink subsys (disabled)
[    3.214261] audit: type=2000 audit(1547336298.843:1): initialized
[    3.236313] Initialise system trusted keyring
[    3.247777] HugeTLB registered 2 MB page size, pre-allocated 0 pages
[    3.251867] zbud: loaded
[    3.255954] VFS: Disk quotas dquot_6.6.0
[    3.262121] VFS: Dquot-cache hash table entries: 512 (order 0, 4096 bytes)
[    3.267828] squashfs: version 4.0 (2009/01/31) Phillip Lougher
[    3.278715] fuse init (API version 7.23)
[    3.286774] Key type big_key registered
[    3.294148] Allocating IMA MOK and blacklist keyrings.
[    3.309910] Key type asymmetric registered
[    3.312240] Asymmetric key parser 'x509' registered
[    3.322671] Block layer SCSI generic (bsg) driver version 0.4 loaded (major 249)
[    3.353125] io scheduler noop registered
[    3.363775] io scheduler deadline registered (default)
[    3.382333] io scheduler cfq registered
[    3.386183] pci_hotplug: PCI Hot Plug PCI Core version: 0.5
[    3.393599] pciehp: PCI Express Hot Plug Controller Driver version: 0.4
[    3.417013] ACPI: AC Adapter [AC] (on-line)
[    3.422470] input: Power Button as /devices/LNXSYSTM:00/LNXPWRBN:00/input/input0
[    3.430752] ACPI: Power Button [PWRF]
[    3.453614] input: Sleep Button as /devices/LNXSYSTM:00/LNXSLPBN:00/input/input1
[    3.483893] ACPI: Sleep Button [SLPF]
[    3.524339] ACPI: Battery Slot [BAT0] (battery present)
[    3.564061] GHES: HEST is not enabled!
[    3.579883] Serial: 8250/16550 driver, 32 ports, IRQ sharing enabled
[    3.633884] 00:02: ttyS0 at I/O 0x3f8 (irq = 4, base_baud = 115200) is a 16550A
[    3.674307] Linux agpgart interface v0.103
[    3.683674] loop: module loaded
[    3.708756] scsi host0: ata_piix
[    3.733054] scsi host1: ata_piix
[    3.753879] ata1: PATA max UDMA/33 cmd 0x1f0 ctl 0x3f6 bmdma 0xd000 irq 14
[    3.803617] ata2: PATA max UDMA/33 cmd 0x170 ctl 0x376 bmdma 0xd008 irq 15
[    3.843785] libphy: Fixed MDIO Bus: probed
[    3.881318] tun: Universal TUN/TAP device driver, 1.6
[    3.899209] tun: (C) 1999-2004 Max Krasnyansky <maxk@qualcomm.com>
[    3.901735] PPP generic driver version 2.4.2
[    3.905228] ehci_hcd: USB 2.0 'Enhanced' Host Controller (EHCI) Driver
[    3.910586] ehci-pci: EHCI PCI platform driver
[    3.921043] ehci-platform: EHCI generic platform driver
[    3.927372] ohci_hcd: USB 1.1 'Open' Host Controller (OHCI) Driver
[    3.965172] ohci-pci: OHCI PCI platform driver
[    3.994676] ohci-platform: OHCI generic platform driver
[    3.996736] uhci_hcd: USB Universal Host Controller Interface driver
[    4.005558] i8042: PNP: PS/2 Controller [PNP0303:PS2K,PNP0f03:PS2M] at 0x60,0x64 irq 1,12
[    4.037313] serio: i8042 KBD port at 0x60,0x64 irq 1
[    4.053967] serio: i8042 AUX port at 0x60,0x64 irq 12
[    4.057302] mousedev: PS/2 mouse device common for all mice
[    4.059832] input: AT Translated Set 2 keyboard as /devices/platform/i8042/serio0/input/input2
[    4.068270] rtc_cmos rtc_cmos: rtc core: registered rtc_cmos as rtc0
[    4.072248] rtc_cmos rtc_cmos: alarms up to one day, 114 bytes nvram
[    4.089642] i2c /dev entries driver
[    4.091682] device-mapper: uevent: version 1.0.3
[    4.097110] device-mapper: ioctl: 4.34.0-ioctl (2015-10-28) initialised: dm-devel@redhat.com
[    4.101105] ledtrig-cpu: registered to indicate activity on CPUs
[    4.110128] NET: Registered protocol family 10
[    4.111532] NET: Registered protocol family 17
[    4.116962] Key type dns_resolver registered
[    4.130815] registered taskstats version 1
[    4.133703] Loading compiled-in X.509 certificates
[    4.136877] Loaded X.509 cert 'Build time autogenerated kernel key: 7c9fb337b82e5a343493fe891c556beae1895c7c'
[    4.164495] zswap: loaded using pool lzo/zbud
[    4.170261] tsc: Refined TSC clocksource calibration: 2399.969 MHz
[    4.179326] clocksource: tsc: mask: 0xffffffffffffffff max_cycles: 0x22981a400c8, max_idle_ns: 440795287655 ns
[    4.200593] Key type trusted registered
[    4.211928] Key type encrypted registered
[    4.215030] AppArmor: AppArmor sha1 policy hashing enabled
[    4.221202] ima: No TPM chip found, activating TPM-bypass!
[    4.229565] ima: Allocated hash algorithm: sha1
[    4.235412] evm: HMAC attrs: 0x1
[    4.264546]   Magic number: 3:891:655
[    4.275815] rtc_cmos rtc_cmos: setting system clock to 2019-01-12 23:38:15 UTC (1547336295)
[    4.278149] BIOS EDD facility v0.16 2004-Jun-25, 0 devices found
[    4.287273] EDD information not available.
[    4.290136] Freeing unused kernel memory: 1528K
[    4.318835] Write protecting the kernel read-only data: 14336k
[    4.338983] Freeing unused kernel memory: 1660K
[    4.348529] Freeing unused kernel memory: 88K
Loading, please wait...
starting version[    4.376006] random: udevadm: uninitialized urandom read (16 bytes read, 5 bits of entropy available)
 229
[    4.415107] random: systemd-udevd: uninitialized urandom read (16 bytes read, 5 bits of entropy available)
[    4.438999] random: systemd-udevd: uninitialized urandom read (16 bytes read, 5 bits of entropy available)
[    4.447498] random: systemd-udevd: uninitialized urandom read (16 bytes read, 5 bits of entropy available)
[    4.451345] random: systemd-udevd: uninitialized urandom read (16 bytes read, 5 bits of entropy available)
[    4.465369] random: udevadm: uninitialized urandom read (16 bytes read, 5 bits of entropy available)
[    4.485948] random: systemd-udevd: uninitialized urandom read (16 bytes read, 5 bits of entropy available)
[    4.500424] random: udevadm: uninitialized urandom read (16 bytes read, 5 bits of entropy available)
[    4.517376] random: systemd-udevd: uninitialized urandom read (16 bytes read, 5 bits of entropy available)
[    4.535164] random: udevadm: uninitialized urandom read (16 bytes read, 5 bits of entropy available)
[    4.657039] e1000: Intel(R) PRO/1000 Network Driver - version 7.3.21-k8-NAPI
[    4.677629] e1000: Copyright (c) 1999-2006 Intel Corporation.
[    4.716733] Fusion MPT base driver 3.04.20
[    4.740270] Copyright (c) 1999-2008 LSI Corporation
[    4.830285] AVX version of gcm_enc/dec engaged.
[    4.837744] AES CTR mode by8 optimization enabled
[    4.884513] Fusion MPT SPI Host driver 3.04.20
[    4.985632] input: ImExPS/2 Generic Explorer Mouse as /devices/platform/i8042/serio1/input/input4
[    5.349036] e1000 0000:00:03.0 eth0: (PCI:33MHz:32-bit) 02:e9:22:0c:6f:83
[    5.365038] e1000 0000:00:03.0 eth0: Intel(R) PRO/1000 Network Connection
[    5.376793] mptbase: ioc0: Initiating bringup
[    5.446902] ioc0: LSI53C1030 A0: Capabilities={Initiator}
[    5.675959] scsi host2: ioc0: LSI53C1030 A0, FwRev=00000000h, Ports=1, MaxQ=256, IRQ=20
[    5.864598] scsi 2:0:0:0: Direct-Access     VBOX     HARDDISK         1.0  PQ: 0 ANSI: 5
[    5.957216] scsi target2:0:0: Beginning Domain Validation
[    6.064782] scsi target2:0:0: Domain Validation skipping write tests
[    6.121630] scsi target2:0:0: Ending Domain Validation
[    6.298484] scsi target2:0:0: asynchronous
[    6.326238] scsi 2:0:1:0: Direct-Access     VBOX     HARDDISK         1.0  PQ: 0 ANSI: 5
[    6.376083] scsi target2:0:1: Beginning Domain Validation
[    6.460979] scsi target2:0:1: Domain Validation skipping write tests
[    6.479955] scsi target2:0:1: Ending Domain Validation
[    6.507221] scsi target2:0:1: asynchronous
[    6.585187] sd 2:0:0:0: Attached scsi generic sg0 type 0
[    6.599540] sd 2:0:0:0: [sda] 20971520 512-byte logical blocks: (10.7 GB/10.0 GiB)
[    6.605847] sd 2:0:0:0: [sda] Write Protect is off
[    6.608553] sd 2:0:0:0: [sda] Incomplete mode parameter data
[    6.612490] sd 2:0:0:0: [sda] Assuming drive cache: write through
[    6.623908] sd 2:0:1:0: [sdb] 20480 512-byte logical blocks: (10.5 MB/10.0 MiB)
[    6.644049] sd 2:0:1:0: Attached scsi generic sg1 type 0
[    6.704682] e1000 0000:00:08.0 eth1: (PCI:33MHz:32-bit) 08:00:27:64:a9:92
[    6.718488] e1000 0000:00:08.0 eth1: Intel(R) PRO/1000 Network Connection
[    6.729711] sd 2:0:1:0: [sdb] Write Protect is off
[    6.731285] sd 2:0:1:0: [sdb] Incomplete mode parameter data
[    6.742546] sd 2:0:1:0: [sdb] Assuming drive cache: write through
[    6.759491] e1000 0000:00:08.0 enp0s8: renamed from eth1
[    6.778176] e1000 0000:00:03.0 enp0s3: renamed from eth0
[    6.797614]  sda: sda1
[    6.801464] sd 2:0:0:0: [sda] Attached SCSI disk
[    6.835057] sd 2:0:1:0: [sdb] Attached SCSI disk
Begin: Loading e[    8.461751] md: linear personality registered for level -1
ssential drivers ... [    8.526706] md: multipath personality registered for level -4
[    8.581216] md: raid0 personality registered for level 0
[    8.598770] md: raid1 personality registered for level 1
[    8.706887] raid6: sse2x1   gen()  4994 MB/s
[    8.782466] raid6: sse2x1   xor()  3438 MB/s
[    8.858328] raid6: sse2x2   gen()  7490 MB/s
[    8.934464] raid6: sse2x2   xor()  5785 MB/s
[    9.018431] raid6: sse2x4   gen()  9705 MB/s
[    9.115069] raid6: sse2x4   xor()  6238 MB/s
[    9.133487] raid6: using algorithm sse2x4 gen() 9705 MB/s
[    9.167024] raid6: .... xor() 6238 MB/s, rmw enabled
[    9.198491] raid6: using ssse3x2 recovery algorithm
[    9.221697] xor: automatically using best checksumming function:
[    9.302241]    avx       : 15402.000 MB/sec
[    9.329973] async_tx: api initialized (async)
[    9.357832] md: raid6 personality registered for level 6
[    9.364769] md: raid5 personality registered for level 5
[    9.403237] md: raid4 personality registered for level 4
[    9.421851] md: raid10 personality registered for level 10
done.
Begin: Running /scripts/init-premount ... done.
Begin: Mounti[    9.510556] Btrfs loaded
ng root file system ... Begin: Running /scripts/local-top ... done.
Begin: Running /scripts/local-premount ... Scanning for Btrfs filesystems
done.
Warning: fsck not present, so skipping root file system
[    9.690439] EXT4-fs (sda1): mounted filesystem with ordered data mode. Opts: (null)
done.
Begin: Running /scripts/local-bottom ... done.
Begin: Running /scripts/init-bottom ... done.
[   10.459757] random: nonblocking pool is initialized
[   10.855494] systemd[1]: systemd 229 running in system mode. (+PAM +AUDIT +SELINUX +IMA +APPARMOR +SMACK +SYSVINIT +UTMP +LIBCRYPTSETUP +GCRYPT +GNUTLS +ACL +XZ -LZ4 +SECCOMP +BLKID +ELFUTILS +KMOD -IDN)
[   10.944987] systemd[1]: Detected virtualization oracle.
[   10.965943] systemd[1]: Detected architecture x86-64.

Welcome to [1mUbuntu 16.04.5 LTS[0m!

[   11.101356] systemd[1]: Set hostname to <terraform-box>.
[   12.978258] systemd[1]: Started Forward Password Requests to Wall Directory Watch.
[[0;32m  OK  [0m] Started Forward Password Requests to Wall Directory Watch.
[   13.108548] systemd[1]: Listening on /dev/initctl Compatibility Named Pipe.
[[0;32m  OK  [0m] Listening on /dev/initctl Compatibility Named Pipe.
[   13.243142] systemd[1]: Listening on Journal Socket.
[[0;32m  OK  [0m] Listening on Journal Socket.
[   13.345777] systemd[1]: Listening on LVM2 poll daemon socket.
[[0;32m  OK  [0m] Listening on LVM2 poll daemon socket.
[   13.436181] systemd[1]: Created slice User and Session Slice.
[[0;32m  OK  [0m] Created slice User and Session Slice.
[   13.511397] systemd[1]: Listening on udev Control Socket.
[[0;32m  OK  [0m] Listening on udev Control Socket.
[   13.551664] systemd[1]: Set up automount Arbitrary Executable File Formats File System Automount Point.
[[0;32m  OK  [0m] Set up automount Arbitrary Executab...ats File System Automount Point.
[   13.605365] systemd[1]: Listening on Journal Socket (/dev/log).
[[0;32m  OK  [0m] Listening on Journal Socket (/dev/log).
[   13.627442] systemd[1]: Created slice System Slice.
[[0;32m  OK  [0m] Created slice System Slice.
[   13.680199] systemd[1]: Starting Set console keymap...
         Starting Set console keymap...
[   13.724424] systemd[1]: Starting Create list of required static device nodes for the current kernel...
         Starting Create list of required st... nodes for the current kernel...
[   13.815855] systemd[1]: Starting Remount Root and Kernel File Systems...
         Starting Remount Root and Kernel File Systems...
[   13.923151] systemd[1]: Reached target User and Group Name Lookups.
[   13.974382] EXT4-fs (sda1): re-mounted. Opts: (null)
[[0;32m  OK  [0m] Reached target User and Group Name Lookups.
[   14.071385] systemd[1]: Starting Nameserver information manager...
         Starting Nameserver information manager...
[   14.159324] systemd[1]: Listening on LVM2 metadata daemon socket.
[[0;32m  OK  [0m] Listening on LVM2 metadata daemon socket.
[   14.315680] systemd[1]: Starting Uncomplicated firewall...
         Starting Uncomplicated firewall...
[   14.415243] systemd[1]: Reached target System Time Synchronized.
[[0;32m  OK  [0m] Reached target System Time Synchronized.
[   14.489751] systemd[1]: Listening on Device-mapper event daemon FIFOs.
[[0;32m  OK  [0m] Listening on Device-mapper event daemon FIFOs.
[   14.572796] systemd[1]: Starting Monitoring of LVM2 mirrors, snapshots etc. using dmeventd or progress polling...
         Starting Monitoring of LVM2 mirrors... dmeventd or progress polling...
[   14.688678] systemd[1]: Starting Load Kernel Modules...
         Starting Load Kernel Modules...
[   14.726593] systemd[1]: Started Trigger resolvconf update for networkd DNS.
[[0;32m  OK  [0m] Started Trigger resolvconf update for networkd DNS.
[   14.783373] systemd[1]: Reached target Swap.
[[0;32m  OK  [0m] Reached target Swap.
[   14.831876] systemd[1]: Created slice system-serial\x2dgetty.slice.
[[0;32m  OK  [0m] Created slice system-serial\x2dgetty.slice.
[   14.869812] systemd[1]: Mounting Debug File System...
         Mounting Debug File System...
[   14.893541] systemd[1]: Reached target Encrypted Volumes.
[[0;32m  OK  [0m] Reached targe[   14.926956] Loading iSCSI transport class v2.0-870.
t Encrypted Volumes.
[   14.943393] systemd[1]: Listening on Journal Audit Socket.
[[0;32m  OK  [0[   14.996223] iscsi: registered transport (tcp)
m] Listening on Journal Audit Socket.
[   15.105211] systemd[1]: Mounting POSIX Message Queue File System...
         Mounting POSIX M[   15.170802] iscsi: registered transport (iser)
essage Queue File System...
[   15.226407] systemd[1]: Reached target Slices.
[[0;32m  OK  [0m] Reached target Slices.
[   15.303502] systemd[1]: Listening on udev Kernel Socket.
[[0;32m  OK  [0m] Listening on udev Kernel Socket.
[   15.399973] systemd[1]: Mounting Huge Pages File System...
         Mounting Huge Pages File System...
[   15.447178] systemd[1]: Listening on Syslog Socket.
[[0;32m  OK  [0m] Listening on Syslog Socket.
[   15.515703] systemd[1]: Starting Journal Service...
         Starting Journal Service...
[   15.553709] systemd[1]: Mounted Huge Pages File System.
[[0;32m  OK  [0m] Mounted Huge Pages File System.
[   15.626604] systemd[1]: Mounted POSIX Message Queue File System.
[[0;32m  OK  [0m] Mounted POSIX Message Queue File System.
[   15.730766] systemd[1]: Mounted Debug File System.
[[0;32m  OK  [0m] Mounted Debug File System.
[   15.823621] systemd[1]: Started Journal Service.
[[0;32m  OK  [0m] Started Journal Service.
[[0;32m  OK  [0m] Started Set console keymap.
[[0;32m  OK  [0m] Started Create list of required sta...ce nodes for the current kernel.
[[0;32m  OK  [0m] Started Remount Root and Kernel File Systems.
[[0;32m  OK  [0m] Started Uncomplicated firewall.
[[0;32m  OK  [0m] Started Load Kernel Modules.
[[0;32m  OK  [0m] Started Nameserver information manager.
[[0;32m  OK  [0m] Started LVM2 metadata daemon.
         Mounting FUSE Control File System...
         Starting Apply Kernel Variables...
         Starting Load/Save Random Seed...
         Starting udev Coldplug all Devices...
         Starting Create Static Device Nodes in /dev...
         Starting Flush Journal to Persistent Storage...
[[0;32m  OK  [0m] Mounted FUSE Control File System.
[[0;32m  OK  [0m] Started Monitoring of LVM2 mirrors,...ng dmeventd or progress polling.
[[0;32m  OK  [0m] Started Apply Kernel Variables.
[[0;32m  OK  [0m] Started Load/Save Random Seed.
[[0;32m  OK  [0m] Started Create Static Device Nodes in /dev.
[[0;32m  OK  [0m] Started udev Coldplug all Devices.
         Starting udev Kernel Device Manager...
[[0;32m  OK  [0m] Reached target Local File Systems (Pre).
[[0;32m  OK  [0m] Reached target Local File Systems.
         Starting LSB: AppArmor initialization...
         Starting Tell Plymouth To Write Out Runtime Data...
         Starting Set console font and keymap...
         Starting Initial cloud-init job (pre-networking)...
[[0;32m  OK  [0m] Started Flush Journal to Persistent Storage.
[[0;32m  OK  [0m] Started Tell Plymouth To Write Out Runtime Data.
[[0;32m  OK  [0m] Started udev Kernel Device Manager.
[[0;32m  OK  [0m] Started Dispatch Password Requests to Console Directory Watch.
         Starting Create Volatile Files and Directories...
[[0;32m  OK  [0m] Found device /dev/ttyS0.
[[0;32m  OK  [0m] Listening on Load/Save RF Kill Switch Status /dev/rfkill Watch.
[[0;32m  OK  [0m] Started Create Volatile Files and Directories.
[[0;32m  OK  [0m] Started Set console font and keymap.
[[0;32m  OK  [0m] Created slice system-getty.slice.
         Starting Update UTMP about System Boot/Shutdown...
[[0;32m  OK  [0m] Started Update UTMP about System Boot/Shutdown.
[[0;32m  OK  [0m] Found device 82540EM Gigabit Ethern...r (PRO/1000 MT Desktop Adapter).
[[0;32m  OK  [0m] Found device 82540EM Gigabit Ethern...r (PRO/1000 MT Desktop Adapter).
[[0;32m  OK  [0m] Started LSB: AppArmor initialization.
[   23.640901] cloud-init[482]: Cloud-init v. 18.4-0ubuntu1~16.04.2 running 'init-local' at Sat, 12 Jan 2019 23:38:35 +0000. Up 22.65 seconds.
[[0;32m  OK  [0m] Started Initial cloud-init job (pre-networking).
[[0;32m  OK  [0m] Reached target Network (Pre).
         Starting Raise network interfaces...
[[0;32m  OK  [0m] Started ifup for enp0s8.
[[0;32m  OK  [0m] Started ifup for enp0s3.
[[0;32m  OK  [0m] Started Raise network interfaces.
[[0;32m  OK  [0m] Reached target Network.
         Starting Initial cloud-init job (metadata service crawler)...
[   26.599367] cloud-init[1308]: Cloud-init v. 18.4-0ubuntu1~16.04.2 running 'init' at Sat, 12 Jan 2019 23:38:38 +0000. Up 25.41 seconds.
[   26.688837] cloud-init[1308]: ci-info: ++++++++++++++++++++++++++++++++++++++Net device info+++++++++++++++++++++++++++++++++++++++
[   26.761640] cloud-init[1308]: ci-info: +--------+------+-----------------------------+---------------+--------+-------------------+
[   26.816445] cloud-init[1308]: ci-info: | Device |  Up  |           Address           |      Mask     | Scope  |     Hw-Address    |
[   26.817128] cloud-init[1308]: ci-info: +--------+------+-----------------------------+---------------+--------+-------------------+
[   26.817410] cloud-init[1308]: ci-info: | enp0s3 | True |          10.0.2.15          | 255.255.255.0 | global | 02:e9:22:0c:6f:83 |
[   26.817701] cloud-init[1308]: ci-info: | enp0s3 | True |  fe80::e9:22ff:fe0c:6f83/64 |       .       |  link  | 02:e9:22:0c:6f:83 |
[   26.817973] cloud-init[1308]: ci-info: | enp0s8 | True |        192.168.33.50        | 255.255.255.0 | global | 08:00:27:64:a9:92 |
[   26.818235] cloud-init[1308]: ci-info: | enp0s8 | True | fe80::a00:27ff:fe64:a992/64 |       .       |  link  | 08:00:27:64:a9:92 |
[   26.818512] cloud-init[1308]: ci-info: |   lo   | True |          127.0.0.1          |   255.0.0.0   |  host  |         .         |
[   26.818755] cloud-init[1308]: ci-info: |   lo   | True |           ::1/128           |       .       |  host  |         .         |
[   26.819016] cloud-init[1308]: ci-info: +--------+------+-----------------------------+---------------+--------+-------------------+
[   26.819278] cloud-init[1308]: ci-info: ++++++++++++++++++++++++++++Route IPv4 info++++++++++++++++++++++++++++
[   26.819586] cloud-init[1308]: ci-info: +-------+--------------+----------+---------------+-----------+-------+
[   26.819833] cloud-init[1308]: ci-info: | Route | Destination  | Gateway  |    Genmask    | Interface | Flags |
[[0;32m  OK  [0m] Started Initial cloud-init job (metadata service crawler).
[   26.821745] [[0;32m  OK  [0m] Reached target System Initialization.
[[0;32m  OK  [0m] Listening on UUID daemon activation socket.
cloud-init[1308]: ci-info: +-------+--------------+----------+---------------+-----------+-------+
[   27.545345] cloud-init[1308]: ci-info: |   0   |   0.0.0.0    | 10.0.2.2 |    0.0.0.0    |   enp0s3  |   UG  |
[[0;32m  OK  [0m] Started ACPI Events Check.
[[0;32m  OK  [0m] Reached target Paths.
[[0;32m  OK  [0m] Started Daily Cleanup of Temporary Directories.
[   27.611722] cloud-init[1308]: ci-info: |   1   |   10.0.2.0   | 0.0.0.0  | 255.255.255.0 |   enp0s3  |   U   |
[[0;32m  OK  [0m] Started Daily apt download activities.
         Starting Socket activation for snappy daemon.
[   27.739447] cloud-init[1308]: ci-info: |   2   | 192.168.33.0 | 0.0.0.0  | 255.255.255.0 |   enp0s8  |   U   |
[   27.849423] cloud-init[1308]: ci-info: +-------+--------------+----------+---------------+-----------+-------+
         Starting LXD - unix socket.
[   27.950755] cloud-init[1308]: ci-info: +++++++++++++++++++Route IPv6 info+++++++++++++++++++
[   28.003509] cloud-init[1308]: ci-info: +-------+-------------+---------+-----------+-------+
[   28.036468] cloud-init[1308]: ci-info: | Route | Destination | Gateway | Interface | Flags |
[   28.104330] cloud-init[1308]: ci-info: +-------+-------------+---------+-----------+-------+
[   28.105002] cloud-init[1308]: ci-info: |   0   |  fe80::/64  |    ::   |   enp0s8  |   U   |
[   28.105182] cloud-init[1308]: ci-info: |   1   |  fe80::/64  |    ::   |   enp0s3  |   U   |
[   28.105274] cloud-init[1308]: ci-info: |   5   |   ff00::/8  |    ::   |   enp0s8  |   U   |
[   28.105344] cloud-init[1308]: ci-info: |   6   |   ff00::/8  |    ::   |   enp0s3  |   U   |
[   28.105420] cloud-init[1308]: ci-info: +-------+-------------+---------+-----------+-------+
         Starting Docker Socket for the API.
[[0;32m  OK  [0m] Listening on D-Bus System Message Bus Socket.
[[0;32m  OK  [0m] Started Daily apt upgrade and clean activities.
[[0;32m  OK  [0m] Reached target Timers.
[[0;32m  OK  [0m] Listening on ACPID Listen Socket.
[[0;32m  OK  [0m] Reached target Cloud-config availability.
[[0;32m  OK  [0m] Reached target Network is Online.
         Starting iSCSI initiator daemon (iscsid)...
[[0;32m  OK  [0m] Listening on Socket activation for snappy daemon.
[[0;32m  OK  [0m] Listening on LXD - unix socket.
[[0;32m  OK  [0m] Listening on Docker Socket for the API.
[[0;32m  OK  [0m] Reached target Sockets.
[[0;32m  OK  [0m] Reached target Basic System.
         Starting LSB: Record successful boot for GRUB...
         Starting Docker Application Container Engine...
[[0;32m  OK  [0m] Started Regular background program processing daemon.
[[0;32m  OK  [0m] Started ACPI event daemon.
         Starting LSB: MD monitoring daemon...
         Starting /etc/rc.local Compatibility...
         Starting Snappy daemon...
[[0;32m  OK  [0m] Started FUSE filesystem for LXC.
         Starting Virtualbox guest utils...
         Starting Accounts Service...
         Starting Login Service...
         Starting System Logging Service...
         Starting OpenBSD Secure Shell server...
         Starting LXD - container startup/shutdown...
[[0;32m  OK  [0m] Started Unattended Upgrades Shutdown.
[[0;32m  OK  [0m] Started Deferred execution scheduler.
[[0;32m  OK  [0m] Started D-Bus System Message Bus.
         Starting Ubuntu FAN network setup...
[[0;32m  OK  [0m] Started System Logging Service.
[[0;32m  OK  [0m] Started iSCSI initiator daemon (iscsid).
[[0;32m  OK  [0m] Started /etc/rc.local Compatibility.
[[0;32m  OK  [0m] Started Ubuntu FAN network setup.
[[0;32m  OK  [0m] Started OpenBSD Secure Shell server.
[[0;32m  OK  [0m] Started Login Service.
         Starting Login to default iSCSI targets...
[[0;32m  OK  [0m] Started LSB: MD monitoring daemon.
[[0;32m  OK  [0m] Started Login to default iSCSI targets.
[[0;32m  OK  [0m] Started LSB: Record successful boot for GRUB.
[[0;32m  OK  [0m] Reached target Remote File Systems (Pre).
[[0;32m  OK  [0m] Reached target Remote File Systems.
         Starting LSB: automatic crash report generation...
         Starting LSB: Set the CPU Frequency Scaling governor to "ondemand"...
         Starting LSB: Set up cgroupfs mounts....
         Starting LSB: daemon to balance interrupts for SMP systems...
         Starting Permit User Sessions...
         Starting Authenticate and Authorize Users to Run Privileged Tasks...
[[0;32m  OK  [0m] Started LSB: Set up cgroupfs mounts..
[[0;32m  OK  [0m] Started Permit User Sessions.
[[0;32m  OK  [0m] Started LSB: Set the CPU Frequency Scaling governor to "ondemand".
         Starting Hold until boot process finishes up...
         Starting Terminate Plymouth Boot Screen...
[[0;32m  OK  [0m] Started Hold until boot process finishes up.
[[0;32m  OK  [0m] Started Terminate Plymouth Boot Screen.
[[0;32m  OK  [0m] Started Serial Getty on ttyS0.
[[0;32m  OK  [0m] Started Getty on tty1.
[[0;32m  OK  [0m] Reached target Login Prompts.
         Starting Set console scheme...
[[0;32m  OK  [0m] Started LSB: daemon to balance interrupts for SMP systems.
[[0;32m  OK  [0m] Started Set console scheme.
[[0;32m  OK  [0m] Started LSB: automatic crash report generation.
[[0;32m  OK  [0m] Started Authenticate and Authorize Users to Run Privileged Tasks.
[[0;32m  OK  [0m] Started Virtualbox guest utils.
[[0;32m  OK  [0m] Started Accounts Service.
[[0;32m  OK  [0m] Created slice User Slice of vagrant.
         Starting User Manager for UID 1000...
[[0;32m  OK  [0m] Started Session 1 of user vagrant.
[[0;32m  OK  [0m] Started User Manager for UID 1000.
[[0;32m  OK  [0m] Started LXD - container startup/shutdown.
[[0;32m  OK  [0m] Started Snappy daemon.
         Starting Wait until snapd is fully seeded...
[[0;32m  OK  [0m] Started Wait until snapd is fully seeded.
         Starting Apply the settings specified in cloud-config...
[   38.385641] cloud-init[1603]: Cloud-init v. 18.4-0ubuntu1~16.04.2 running 'modules:config' at Sat, 12 Jan 2019 23:38:50 +0000. Up 37.83 seconds.
[[0;32m  OK  [0m] Started Apply the settings specified in cloud-config.

Ubuntu 16.04.5 LTS terraform-box ttyS0

terraform-box login: [   43.499147] cloud-init[2166]: Cloud-init v. 18.4-0ubuntu1~16.04.2 running 'modules:final' at Sat, 12 Jan 2019 23:38:56 +0000. Up 43.20 seconds.
[   43.500012] cloud-init[2166]: Cloud-init v. 18.4-0ubuntu1~16.04.2 finished at Sat, 12 Jan 2019 23:38:56 +0000. Datasource DataSourceNoCloud [seed=/dev/sdb][dsmode=net].  Up 43.48 seconds
